\o Program:		@(#)$CDS: libManager version 32.10 12/13/2010 12:19 (cat91amd) $
\o Sub version:		sub-version  p011 
\o Arguments:		-unmapped -mpssession virtuoso9398 -mpshost xunil-01 
\o Working Directory:	xunil-01:/home/DREXEL/jvk27/ECEC472/IBM
\o 64-bit offsets
\o Qt version: 		4.5.3
\o changeWorkingDir("/home/DREXEL/jvk27/ECEC472/IBM") unnecessary.
\o ddSetForcedLib("") unnecessary.
\o Log file is "/home/DREXEL/jvk27/ECEC472/IBM/libManager.log".
\o Opening libManager window.
\a nrSetWindowVisibility(cdsLibManager "show")
\o MPS service: map window
\o Library Manager customization server connected.
\a nrSetCurrentWindow(cdsLibManager)
\a nrResizeWindow(cdsLibManager list(1680 0 1259 835))
\a cdsLibManager->libListBox->value = "ECEC472_CPU"
\a cdsLibManager->libLineEdit->value = "ECEC472_CPU"
\a cdsLibManager->cellListBox->value = "ALU_SIM_POWER_SPEED"
\a cdsLibManager->cellLineEdit->value = "ALU_SIM_POWER_SPEED"
\a cdsLibManager->viewListBox->value = "Trans_Julian"
\a cdsLibManager->viewLineEdit->value = "Trans_Julian"
\a cdsLibManager->viewListBox->value = "schematic"
\a cdsLibManager->viewLineEdit->value = "schematic"
\a cdsLibManager->viewListBox->value = nil
\a cdsLibManager->viewListBox->value = "schematic"
\o MPS request: edit design
\a nrListItemAction(cdsLibManager->gdmXTView 3 0)
\a cdsLibManager->libListBox->value = nil
\a cdsLibManager->cellListBox->value = nil
\a cdsLibManager->viewLineEdit->value = ""
\a cdsLibManager->viewListBox->value = nil
\a cdsLibManager->cellLineEdit->value = ""
\a cdsLibManager->libLineEdit->value = ""
\a cdsLibManager->libListBox->value = "ECEC472_CPU"
\a cdsLibManager->libLineEdit->value = "ECEC472_CPU"
\a cdsLibManager->cellListBox->value = "ALU_SIM_POWER_SPEED"
\a cdsLibManager->cellLineEdit->value = "ALU_SIM_POWER_SPEED"
\a cdsLibManager->viewListBox->value = "schematic"
\a cdsLibManager->viewLineEdit->value = "schematic"
\a cdsLibManager->viewLineEdit->value = ""
\a cdsLibManager->viewListBox->value = nil
\a cdsLibManager->viewListBox->value = "schematic"
\a cdsLibManager->viewLineEdit->value = "schematic"
